
Design Name
===========
    riscv_core

Scan Style
==========
    muxed_scan
DFT rule check status is not available. Need to (re)run check_dft_rules

Global Constraints
==================
    Minimum number of scan chains: no_value
    Maximum length of scan chains: no_value
    Lock-up element type: preferred_level_sensitive
    Mix clock edges in scan chain: false
    Prefix for unnamed scan objects: DFT_

Test signal objects
===================
    shift_enable: 
          object name: i_scan_en 
          pin name: i_scan_en 
          hookup_pin: i_scan_en 
          hookup_polarity: non_inverted 
          function: shift_enable 
          active: high 
          ideal: false 
          user defined: true

    test_mode: 
          object name: i_test_mode 
          pin name: i_test_mode 
          hookup_pin: i_test_mode 
          hookup_polarity: non_inverted 
          function: test_mode 
          active: high 
          ideal: false 
          user defined: true


Test clock objects
==================
Reporting all test clocks as TDRC status is not available
    test_clock:
          object name: clk_scan 
          test_clock_domain: dom_1 
          user defined: true 
          source: i_clk  
          root source: i_clk  
          root source polarity: non_inverting
          hookup_pin: i_clk 
          period: 12500.0


DFT controllable objects
========================

DFT don't scan objects
======================

DFT abstract don't scan objects
===============================

DFT scan segment constraints
============================

DFT scan chain constraints
==========================

DFT actual scan chains
======================
