============================================================
  Generated by:           Genus(TM) Synthesis Solution 18.10-p003_1
  Generated on:           Dec 07 2021  02:38:05 pm
  Module:                 riscv_core
  Technology libraries:   fast_vdd1v0 1.0
                          fast_vdd1v0 1.0
  Operating conditions:   PVT_1P1V_0C 
  Interconnect mode:      global
  Area mode:              timing library
============================================================

                                
   Gate    Instances    Area        Library    
-----------------------------------------------
ADDFX1             1      5.130    fast_vdd1v0 
ADDHX1           143    537.966    fast_vdd1v0 
AND2X1            21     28.728    fast_vdd1v0 
AND2X2             3      5.130    fast_vdd1v0 
AND3X1            16     38.304    fast_vdd1v0 
AND3X2            46    125.856    fast_vdd1v0 
AND3XL             5     10.260    fast_vdd1v0 
AND4X1             3      7.182    fast_vdd1v0 
AO21X1             2      4.788    fast_vdd1v0 
AO22X1            43    117.648    fast_vdd1v0 
AO22XL            95    259.920    fast_vdd1v0 
AOI211XL          17     34.884    fast_vdd1v0 
AOI21X1           19     32.490    fast_vdd1v0 
AOI221X1         284    679.896    fast_vdd1v0 
AOI222X1         100    307.800    fast_vdd1v0 
AOI22X1          694   1424.088    fast_vdd1v0 
AOI2BB1X1          2      4.104    fast_vdd1v0 
AOI2BB2X1          4     13.680    fast_vdd1v0 
AOI31X1            1      2.052    fast_vdd1v0 
AOI32X1            9     21.546    fast_vdd1v0 
BUFX20             1      8.208    fast_vdd1v0 
CLKINVX8           1      3.078    fast_vdd1v0 
CLKXOR2X1          6     16.416    fast_vdd1v0 
DFFHQX1           64    350.208    fast_vdd1v0 
DFFRHQX1          45    277.020    fast_vdd1v0 
DFFRHQX8           1     11.286    fast_vdd1v0 
DFFRX2             1      7.524    fast_vdd1v0 
INVX1            184    125.856    fast_vdd1v0 
INVX2              1      1.026    fast_vdd1v0 
MX2X1           1082   2590.308    fast_vdd1v0 
MX2XL             75    179.550    fast_vdd1v0 
MXI2XL           116    277.704    fast_vdd1v0 
NAND2BX1          11     15.048    fast_vdd1v0 
NAND2BX2           2      4.788    fast_vdd1v0 
NAND2X1          249    255.474    fast_vdd1v0 
NAND2X2            1      1.710    fast_vdd1v0 
NAND2XL            2      2.052    fast_vdd1v0 
NAND3BXL          12     20.520    fast_vdd1v0 
NAND3X1            3      5.130    fast_vdd1v0 
NAND4BBXL          4     12.312    fast_vdd1v0 
NAND4BX1          55    131.670    fast_vdd1v0 
NAND4X1            2      4.104    fast_vdd1v0 
NAND4XL          203    347.130    fast_vdd1v0 
NOR2BX1           31     42.408    fast_vdd1v0 
NOR2X1           173    177.498    fast_vdd1v0 
NOR2X2             1      1.710    fast_vdd1v0 
NOR2X4             6     18.468    fast_vdd1v0 
NOR3BX1            1      2.052    fast_vdd1v0 
NOR3X1             4      6.840    fast_vdd1v0 
NOR4BBX1           2      5.472    fast_vdd1v0 
NOR4BX1            5     11.970    fast_vdd1v0 
NOR4X1            14     23.940    fast_vdd1v0 
OA21X1            13     26.676    fast_vdd1v0 
OA22X1             9     21.546    fast_vdd1v0 
OAI211X1          95    162.450    fast_vdd1v0 
OAI21X1           21     35.910    fast_vdd1v0 
OAI221X1          29     69.426    fast_vdd1v0 
OAI222X1          25     68.400    fast_vdd1v0 
OAI22X1           21     43.092    fast_vdd1v0 
OAI2BB1X1         82    140.220    fast_vdd1v0 
OAI31X1            3      6.156    fast_vdd1v0 
OAI32X1            3      7.182    fast_vdd1v0 
OR2X1             64     87.552    fast_vdd1v0 
OR2X2             31     53.010    fast_vdd1v0 
OR2X4              1      2.736    fast_vdd1v0 
OR2X6              2      7.524    fast_vdd1v0 
OR3X1              1      2.052    fast_vdd1v0 
OR4X1              8     16.416    fast_vdd1v0 
SDFFQX1           43    323.532    fast_vdd1v0 
SDFFRHQX1       1246  10227.168    fast_vdd1v0 
SDFFRHQX2          1      9.918    fast_vdd1v0 
SDFFRHQX8         50    666.900    fast_vdd1v0 
SDFFRX2            1     10.944    fast_vdd1v0 
XNOR2X1           64    153.216    fast_vdd1v0 
-----------------------------------------------
total           5679  20741.958                


                                          
     Type      Instances    Area   Area % 
------------------------------------------
sequential          1452 11884.500   57.3 
inverter             186   129.960    0.6 
buffer                 1     8.208    0.0 
logic               4040  8719.290   42.0 
physical_cells         0     0.000    0.0 
------------------------------------------
total               5679 20741.958  100.0 

