============================================================
  Generated by:           Genus(TM) Synthesis Solution 18.10-p003_1
  Generated on:           Dec 07 2021  02:38:05 pm
  Module:                 riscv_core
  Operating conditions:   PVT_1P1V_0C 
  Interconnect mode:      global
  Area mode:              timing library
============================================================


Path 1: MET (7743 ps) Setup Check with Pin X_ID_s_reg_id_ex_reg[immed][22]/CK->D
          Group: clk
     Startpoint: (R) X_EX_s_reg_ex_me_reg[rd_addr][1]/CK
          Clock: (R) clk
       Endpoint: (F) X_ID_s_reg_id_ex_reg[immed][22]/D
          Clock: (R) clk

                     Capture       Launch     
        Clock Edge:+   12500            0     
       Src Latency:+       0            0     
       Net Latency:+       0 (I)        0 (I) 
           Arrival:=   12500            0     
                                              
             Setup:-      42                  
       Uncertainty:-     100                  
     Required Time:=   12358                  
      Launch Clock:-       0                  
         Data Path:-    4615                  
             Slack:=    7743                  

#------------------------------------------------------------------------------------------------------------
#            Timing Point             Flags   Arc   Edge   Cell     Fanout Load Trans Delay Arrival Instance 
#                                                                          (fF)  (ps)  (ps)   (ps)  Location 
#------------------------------------------------------------------------------------------------------------
  X_EX_s_reg_ex_me_reg[rd_addr][1]/CK -       -     R     (arrival)   1452    -     0     -       0    (-,-) 
  X_EX_s_reg_ex_me_reg[rd_addr][1]/Q  -       CK->Q F     DFFRHQX1       3  4.2    30    64      64    (-,-) 
  g96564/Y                            -       A->Y  R     XNOR2X1        1  1.9    17    50     114    (-,-) 
  g96231/Y                            -       A->Y  R     AND3XL         1  2.1    27    49     162    (-,-) 
  g95662/Y                            -       D->Y  F     NAND4X1        4  8.6   220   138     301    (-,-) 
  g93851/Y                            -       B->Y  R     NAND2X1        2  4.8    75    89     390    (-,-) 
  g93773/Y                            -       A->Y  F     INVX1          1  1.9    28    34     424    (-,-) 
  g93748/Y                            -       B->Y  F     AND2X2        32 38.8   139    99     523    (-,-) 
  g92666/Y                            -       B->Y  R     NAND2X1        1  2.1    42    54     577    (-,-) 
  g92574/Y                            -       B0->Y F     OAI211X1       2  3.3    83    67     644    (-,-) 
  g92493/Y                            -       A1->Y R     AOI22X1        8 11.1   179   118     762    (-,-) 
  g92461/Y                            -       A->Y  F     INVX1         15 18.8   156   129     891    (-,-) 
  g92111__9906/Y                      -       A->Y  R     NAND2X1        3  4.5    62    70     961    (-,-) 
  g92061__2391/Y                      -       B0->Y F     OAI21X1        1  2.1    46    46    1007    (-,-) 
  g91852__4296/CO                     -       A->CO F     ADDHX1         1  1.8    15    31    1038    (-,-) 
  g91825__1474/Y                      -       B->Y  F     OR2X1          1  2.3    19    35    1072    (-,-) 
  g91724__4547/CO                     -       B->CO F     ADDHX1         1  1.8    15    25    1097    (-,-) 
  g91711__7344/Y                      -       B->Y  F     OR2X1          2  3.3    25    38    1135    (-,-) 
  g91669__5019/Y                      -       A1->Y R     AOI22X1        2  3.5    68    48    1183    (-,-) 
  g91658__1786/Y                      -       A1->Y F     OAI22X1        1  2.3    67    52    1234    (-,-) 
  g91644__9682/CO                     -       B->CO F     ADDHX1         1  1.8    15    32    1266    (-,-) 
  g91642__8780/Y                      -       B->Y  F     OR2X1          1  2.3    19    35    1301    (-,-) 
  g91635__6083/CO                     -       B->CO F     ADDHX1         1  1.8    15    25    1326    (-,-) 
  g91633__2250/Y                      -       B->Y  F     OR2X1          1  2.3    19    35    1360    (-,-) 
  g91627__8757/CO                     -       B->CO F     ADDHX1         1  1.8    15    25    1385    (-,-) 
  g91625__7675/Y                      -       B->Y  F     OR2X1          1  2.3    19    35    1420    (-,-) 
  g91618__9682/CO                     -       B->CO F     ADDHX1         1  1.8    15    25    1444    (-,-) 
  g91616__4547/Y                      -       B->Y  F     OR2X1          1  2.3    19    35    1479    (-,-) 
  g91610__1857/CO                     -       B->CO F     ADDHX1         1  1.8    15    25    1504    (-,-) 
  g91607__7344/Y                      -       B->Y  F     OR2X1          1  2.3    19    35    1538    (-,-) 
  g91602__2250/CO                     -       B->CO F     ADDHX1         1  1.8    15    25    1563    (-,-) 
  g91599__7114/Y                      -       B->Y  F     OR2X1          1  2.3    19    35    1598    (-,-) 
  g91593__7118/CO                     -       B->CO F     ADDHX1         1  1.8    15    25    1622    (-,-) 
  g91591__7675/Y                      -       B->Y  F     OR2X1          1  2.3    19    35    1657    (-,-) 
  g91584__2683/CO                     -       B->CO F     ADDHX1         1  1.8    15    25    1681    (-,-) 
  g91581__9682/Y                      -       B->Y  F     OR2X1          1  2.3    19    35    1716    (-,-) 
  g91576__8780/CO                     -       B->CO F     ADDHX1         1  1.8    15    25    1741    (-,-) 
  g91574__9906/Y                      -       B->Y  F     OR2X1          1  2.3    19    35    1775    (-,-) 
  g91570__7344/CO                     -       B->CO F     ADDHX1         1  1.8    15    25    1800    (-,-) 
  g91567__2703/Y                      -       B->Y  F     OR2X1          1  2.3    19    35    1835    (-,-) 
  g91563__7114/CO                     -       B->CO F     ADDHX1         1  1.8    15    25    1859    (-,-) 
  g91560__5953/Y                      -       B->Y  F     OR2X1          1  2.3    19    35    1894    (-,-) 
  g91555__2391/CO                     -       B->CO F     ADDHX1         1  1.8    15    25    1919    (-,-) 
  g91554__2900/Y                      -       B->Y  F     OR2X1          1  2.3    19    35    1953    (-,-) 
  g91547__4547/CO                     -       B->CO F     ADDHX1         1  1.8    15    25    1978    (-,-) 
  g91546__1474/Y                      -       B->Y  F     OR2X1          1  2.3    19    35    2013    (-,-) 
  g91539__5019/CO                     -       B->CO F     ADDHX1         1  1.8    15    25    2037    (-,-) 
  g91538__5795/Y                      -       B->Y  F     OR2X1          1  2.3    19    35    2072    (-,-) 
  g91530__5703/CO                     -       B->CO F     ADDHX1         1  1.8    15    25    2096    (-,-) 
  g91529__1786/Y                      -       B->Y  F     OR2X1          1  2.3    19    35    2131    (-,-) 
  g91521__1309/CO                     -       B->CO F     ADDHX1         1  1.8    15    25    2156    (-,-) 
  g91518__9682/Y                      -       B->Y  F     OR2X1          1  2.3    19    35    2190    (-,-) 
  g91512__8780/CO                     -       B->CO F     ADDHX1         1  1.8    15    25    2215    (-,-) 
  g91509__5019/Y                      -       B->Y  F     OR2X1          1  2.3    19    35    2250    (-,-) 
  g91501__2250/CO                     -       B->CO F     ADDHX1         1  1.8    15    25    2274    (-,-) 
  g91498__5703/Y                      -       B->Y  F     OR2X1          1  2.3    19    35    2309    (-,-) 
  g91491__2391/CO                     -       B->CO F     ADDHX1         1  1.8    15    25    2334    (-,-) 
  g91488__1309/Y                      -       B->Y  F     OR2X1          1  2.3    19    35    2368    (-,-) 
  g91482__4296/CO                     -       B->CO F     ADDHX1         1  1.8    15    25    2393    (-,-) 
  g91478__9906/Y                      -       B->Y  F     OR2X1          1  2.3    19    35    2428    (-,-) 
  g91470__2250/CO                     -       B->CO F     ADDHX1         1  1.8    15    25    2452    (-,-) 
  g91466__5703/Y                      -       B->Y  F     OR2X1          1  2.3    19    35    2487    (-,-) 
  g91459__2391/CO                     -       B->CO F     ADDHX1         1  1.8    15    25    2512    (-,-) 
  g91455__1309/Y                      -       B->Y  F     OR2X1          1  2.3    19    35    2546    (-,-) 
  g91447__9906/CO                     -       B->CO F     ADDHX1         1  1.8    15    25    2571    (-,-) 
  g91442__1840/Y                      -       B->Y  F     OR2X1          2  3.2    25    38    2609    (-,-) 
  g91441__5795/Y                      -       B->Y  R     NAND2X1        2  3.4    31    24    2633    (-,-) 
  g91436__7114/Y                      -       B0->Y F     OAI2BB1X1      1  2.3    37    34    2667    (-,-) 
  g91427__2391/CO                     -       B->CO F     ADDHX1         1  1.8    15    27    2695    (-,-) 
  g91424__1309/Y                      -       B->Y  F     OR2X1          1  2.3    19    35    2729    (-,-) 
  g91416__8780/CO                     -       B->CO F     ADDHX1         1  1.8    15    25    2754    (-,-) 
  g91413__1857/Y                      -       B->Y  F     OR2X1          1  2.3    19    35    2789    (-,-) 
  g91406__6083/CO                     -       B->CO F     ADDHX1         1  2.0    16    25    2814    (-,-) 
  g91401__5703/Y                      -       B1->Y R     AOI221X1       2  3.4    88    62    2876    (-,-) 
  g91396__7118/Y                      -       A0->Y F     AOI22X1        1  2.0    56    58    2934    (-,-) 
  g91393__2391/Y                      -       C0->Y R     OAI211X1       1  2.1    47    30    2964    (-,-) 
  g91391__2900/Y                      -       B1->Y F     OAI222X1       1  2.0    79    66    3030    (-,-) 
  g91390__6877/Y                      -       A1->Y R     AOI22X1        1  2.1    70    52    3082    (-,-) 
  g91389__1309/Y                      -       C0->Y F     OAI221X1       2  3.2    88    78    3160    (-,-) 
  g91388__2683/Y                      -       AN->Y F     NAND3BXL       1  1.8    70    62    3222    (-,-) 
  g91386__9682/Y                      -       D->Y  F     OR4X1          1  2.0    24    70    3292    (-,-) 
  g91385__4547/Y                      -       D->Y  R     NOR4X1         1  1.9    75    47    3338    (-,-) 
  g91384__1474/Y                      -       D->Y  F     NAND4XL        1  2.0   101    82    3420    (-,-) 
  g91383__3772/Y                      -       D->Y  R     NOR4X1         1  1.9    76    71    3492    (-,-) 
  g98265/Y                            -       D->Y  F     NAND4BBXL      1  2.0   101    82    3574    (-,-) 
  g91381__8780/Y                      -       D->Y  R     NOR4X1         1  2.1    81    74    3648    (-,-) 
  g98264/Y                            -       D->Y  F     NAND4BX1       1  2.0    76    68    3717    (-,-) 
  g91379__1857/Y                      -       D->Y  R     NOR4X1         1  2.1    79    66    3783    (-,-) 
  g98263/Y                            -       D->Y  F     NAND4BX1       1  2.0    75    68    3850    (-,-) 
  g91377__1840/Y                      -       B->Y  R     NAND2X1        4  6.1    88    50    3900    (-,-) 
  g91372__2703/Y                      -       B->Y  R     OR2X4         70 90.9   162   125    4026    (-,-) 
  g91370/Y                            -       A->Y  F     INVX1          2  3.1    52    66    4091    (-,-) 
  g91332__2683/Y                      -       B->Y  R     NAND2X1        9 12.2   134    66    4157    (-,-) 
  g91297/Y                            -       A->Y  F     INVX1          5  6.5    68    69    4226    (-,-) 
  g91164__5795/Y                      -       A1->Y R     AOI21X1        4  5.8    90    70    4296    (-,-) 
  g91144/Y                            -       A->Y  F     INVX1          2  3.0    38    43    4339    (-,-) 
  g91133__2683/Y                      -       B->Y  F     OR2X1          5  6.6    47    54    4393    (-,-) 
  g91087__7114/Y                      -       B->Y  F     OR2X1          7  8.5    60    62    4455    (-,-) 
  g91068__3772/Y                      -       B->Y  R     NAND2X1       11 15.0   114    78    4533    (-,-) 
  g91042__6877/Y                      -       C0->Y F     OAI221X1       1  2.1    73    82    4615    (-,-) 
  X_ID_s_reg_id_ex_reg[immed][22]/D   <<<     -     F     SDFFRHQX1      1    -     -     0    4615    (-,-) 
#------------------------------------------------------------------------------------------------------------

