         ps       /riscv_core_tb/X_TOP/i_imem_read    
          delta                                       
          0  +0                       32'hXXXXXXXX 
          0  +1                       32'h00000113 
     143750  +2                       32'h04010263 
     156250  +2                       32'hDDDDE5B7 
     168750  +2                       32'hDDD58593 
     181250  +2                       32'h0100006F 
     193750  +2                       32'h7FC00113 
     206250  +2                       32'h3FC00193 
     218750  +2                       32'hFFC10113 
     231250  +2                       32'hFA010AE3 
     243750  +2                       32'hFA0188E3 
     256250  +2                       32'h014000EF 
     268750  +2                       32'h000022B7 
     281250  +2                       32'hA6D28293 
     293750  +2                       32'hFA5506E3 
     306250  +2                       32'h0031A023 
     318750  +2                       32'h00100293 
     331250  +2                       32'h0051A223 
     343750  +2                       32'h0041A303 
     356250  +2                       32'h00531333 
     368750  +2                       32'h0061A423 
     393750  +2                       32'h0001A403 
     406250  +2                       32'h00442303 
     418750  +2                       32'h00842283 
     443750  +2                       32'h0062D2B3 
     468750  +2                       32'h0012B393 
     493750  +2                       32'h00038663 
     506250  +2                       32'h406383B3 
     518750  +2                       32'h0480006F 
     531250  +2                       32'h00100293 
     556250  +2                       32'h01400413 
     568750  +2                       32'h00000313 
     581250  +2                       32'h00100393 
     593750  +2                       32'h00612023 
     606250  +2                       32'hFE712E23 
     618750  +2                       32'h0082BE33 
     631250  +2                       32'h020E0463 
     643750  +2                       32'h00128293 
     656250  +2                       32'h00012303 
     668750  +2                       32'hFFC12383 
     681250  +2                       32'h007303B3 
     706250  +2                       32'hFE712C23 
     731250  +2                       32'h40215113 
     743750  +2                       32'hFFF10113 
     756250  +2                       32'h00211113 
     768750  +2                       32'hFD9FF06F 
     781250  +2                       32'h00038513 
     793750  +2                       32'h00008067 
     806250  +2                       32'h00000000 
     818750  +2                       32'h0082BE33 
     831250  +2                       32'h020E0463 
     843750  +2                       32'h00128293 
     856250  +2                       32'h00012303 
     868750  +2                       32'hFFC12383 
     881250  +2                       32'h007303B3 
     906250  +2                       32'hFE712C23 
     931250  +2                       32'h40215113 
     943750  +2                       32'hFFF10113 
     956250  +2                       32'h00211113 
     968750  +2                       32'hFD9FF06F 
     981250  +2                       32'h00038513 
     993750  +2                       32'h00008067 
    1006250  +2                       32'h00000000 
    1018750  +2                       32'h0082BE33 
    1031250  +2                       32'h020E0463 
    1043750  +2                       32'h00128293 
    1056250  +2                       32'h00012303 
    1068750  +2                       32'hFFC12383 
    1081250  +2                       32'h007303B3 
    1106250  +2                       32'hFE712C23 
    1131250  +2                       32'h40215113 
    1143750  +2                       32'hFFF10113 
    1156250  +2                       32'h00211113 
    1168750  +2                       32'hFD9FF06F 
    1181250  +2                       32'h00038513 
    1193750  +2                       32'h00008067 
    1206250  +2                       32'h00000000 
    1218750  +2                       32'h0082BE33 
    1231250  +2                       32'h020E0463 
    1243750  +2                       32'h00128293 
    1256250  +2                       32'h00012303 
    1268750  +2                       32'hFFC12383 
    1281250  +2                       32'h007303B3 
    1306250  +2                       32'hFE712C23 
    1331250  +2                       32'h40215113 
    1343750  +2                       32'hFFF10113 
    1356250  +2                       32'h00211113 
    1368750  +2                       32'hFD9FF06F 
    1381250  +2                       32'h00038513 
    1393750  +2                       32'h00008067 
    1406250  +2                       32'h00000000 
    1418750  +2                       32'h0082BE33 
    1431250  +2                       32'h020E0463 
    1443750  +2                       32'h00128293 
    1456250  +2                       32'h00012303 
    1468750  +2                       32'hFFC12383 
    1481250  +2                       32'h007303B3 
    1506250  +2                       32'hFE712C23 
    1531250  +2                       32'h40215113 
    1543750  +2                       32'hFFF10113 
    1556250  +2                       32'h00211113 
    1568750  +2                       32'hFD9FF06F 
    1581250  +2                       32'h00038513 
    1593750  +2                       32'h00008067 
    1606250  +2                       32'h00000000 
    1618750  +2                       32'h0082BE33 
    1631250  +2                       32'h020E0463 
    1643750  +2                       32'h00128293 
    1656250  +2                       32'h00012303 
    1668750  +2                       32'hFFC12383 
    1681250  +2                       32'h007303B3 
    1706250  +2                       32'hFE712C23 
    1731250  +2                       32'h40215113 
    1743750  +2                       32'hFFF10113 
    1756250  +2                       32'h00211113 
    1768750  +2                       32'hFD9FF06F 
    1781250  +2                       32'h00038513 
    1793750  +2                       32'h00008067 
    1806250  +2                       32'h00000000 
    1818750  +2                       32'h0082BE33 
    1831250  +2                       32'h020E0463 
    1843750  +2                       32'h00128293 
    1856250  +2                       32'h00012303 
    1868750  +2                       32'hFFC12383 
    1881250  +2                       32'h007303B3 
    1906250  +2                       32'hFE712C23 
    1931250  +2                       32'h40215113 
    1943750  +2                       32'hFFF10113 
    1956250  +2                       32'h00211113 
    1968750  +2                       32'hFD9FF06F 
    1981250  +2                       32'h00038513 
    1993750  +2                       32'h00008067 
    2006250  +2                       32'h00000000 
    2018750  +2                       32'h0082BE33 
    2031250  +2                       32'h020E0463 
    2043750  +2                       32'h00128293 
    2056250  +2                       32'h00012303 
    2068750  +2                       32'hFFC12383 
    2081250  +2                       32'h007303B3 
    2106250  +2                       32'hFE712C23 
    2131250  +2                       32'h40215113 
    2143750  +2                       32'hFFF10113 
    2156250  +2                       32'h00211113 
    2168750  +2                       32'hFD9FF06F 
    2181250  +2                       32'h00038513 
    2193750  +2                       32'h00008067 
    2206250  +2                       32'h00000000 
    2218750  +2                       32'h0082BE33 
    2231250  +2                       32'h020E0463 
    2243750  +2                       32'h00128293 
    2256250  +2                       32'h00012303 
    2268750  +2                       32'hFFC12383 
    2281250  +2                       32'h007303B3 
    2306250  +2                       32'hFE712C23 
    2331250  +2                       32'h40215113 
    2343750  +2                       32'hFFF10113 
    2356250  +2                       32'h00211113 
    2368750  +2                       32'hFD9FF06F 
    2381250  +2                       32'h00038513 
    2393750  +2                       32'h00008067 
    2406250  +2                       32'h00000000 
    2418750  +2                       32'h0082BE33 
    2431250  +2                       32'h020E0463 
    2443750  +2                       32'h00128293 
    2456250  +2                       32'h00012303 
    2468750  +2                       32'hFFC12383 
    2481250  +2                       32'h007303B3 
    2506250  +2                       32'hFE712C23 
    2531250  +2                       32'h40215113 
    2543750  +2                       32'hFFF10113 
    2556250  +2                       32'h00211113 
    2568750  +2                       32'hFD9FF06F 
    2581250  +2                       32'h00038513 
    2593750  +2                       32'h00008067 
    2606250  +2                       32'h00000000 
    2618750  +2                       32'h0082BE33 
    2631250  +2                       32'h020E0463 
    2643750  +2                       32'h00128293 
    2656250  +2                       32'h00012303 
    2668750  +2                       32'hFFC12383 
    2681250  +2                       32'h007303B3 
    2706250  +2                       32'hFE712C23 
    2731250  +2                       32'h40215113 
    2743750  +2                       32'hFFF10113 
    2756250  +2                       32'h00211113 
    2768750  +2                       32'hFD9FF06F 
    2781250  +2                       32'h00038513 
    2793750  +2                       32'h00008067 
    2806250  +2                       32'h00000000 
    2818750  +2                       32'h0082BE33 
    2831250  +2                       32'h020E0463 
    2843750  +2                       32'h00128293 
    2856250  +2                       32'h00012303 
    2868750  +2                       32'hFFC12383 
    2881250  +2                       32'h007303B3 
    2906250  +2                       32'hFE712C23 
    2931250  +2                       32'h40215113 
    2943750  +2                       32'hFFF10113 
    2956250  +2                       32'h00211113 
    2968750  +2                       32'hFD9FF06F 
    2981250  +2                       32'h00038513 
    2993750  +2                       32'h00008067 
    3006250  +2                       32'h00000000 
    3018750  +2                       32'h0082BE33 
    3031250  +2                       32'h020E0463 
    3043750  +2                       32'h00128293 
    3056250  +2                       32'h00012303 
    3068750  +2                       32'hFFC12383 
    3081250  +2                       32'h007303B3 
    3106250  +2                       32'hFE712C23 
    3131250  +2                       32'h40215113 
    3143750  +2                       32'hFFF10113 
    3156250  +2                       32'h00211113 
    3168750  +2                       32'hFD9FF06F 
    3181250  +2                       32'h00038513 
    3193750  +2                       32'h00008067 
    3206250  +2                       32'h00000000 
    3218750  +2                       32'h0082BE33 
    3231250  +2                       32'h020E0463 
    3243750  +2                       32'h00128293 
    3256250  +2                       32'h00012303 
    3268750  +2                       32'hFFC12383 
    3281250  +2                       32'h007303B3 
    3306250  +2                       32'hFE712C23 
    3331250  +2                       32'h40215113 
    3343750  +2                       32'hFFF10113 
    3356250  +2                       32'h00211113 
    3368750  +2                       32'hFD9FF06F 
    3381250  +2                       32'h00038513 
    3393750  +2                       32'h00008067 
    3406250  +2                       32'h00000000 
    3418750  +2                       32'h0082BE33 
    3431250  +2                       32'h020E0463 
    3443750  +2                       32'h00128293 
    3456250  +2                       32'h00012303 
    3468750  +2                       32'hFFC12383 
    3481250  +2                       32'h007303B3 
    3506250  +2                       32'hFE712C23 
    3531250  +2                       32'h40215113 
    3543750  +2                       32'hFFF10113 
    3556250  +2                       32'h00211113 
    3568750  +2                       32'hFD9FF06F 
    3581250  +2                       32'h00038513 
    3593750  +2                       32'h00008067 
    3606250  +2                       32'h00000000 
    3618750  +2                       32'h0082BE33 
    3631250  +2                       32'h020E0463 
    3643750  +2                       32'h00128293 
    3656250  +2                       32'h00012303 
    3668750  +2                       32'hFFC12383 
    3681250  +2                       32'h007303B3 
    3706250  +2                       32'hFE712C23 
    3731250  +2                       32'h40215113 
    3743750  +2                       32'hFFF10113 
    3756250  +2                       32'h00211113 
    3768750  +2                       32'hFD9FF06F 
    3781250  +2                       32'h00038513 
    3793750  +2                       32'h00008067 
    3806250  +2                       32'h00000000 
    3818750  +2                       32'h0082BE33 
    3831250  +2                       32'h020E0463 
    3843750  +2                       32'h00128293 
    3856250  +2                       32'h00012303 
    3868750  +2                       32'hFFC12383 
    3881250  +2                       32'h007303B3 
    3906250  +2                       32'hFE712C23 
    3931250  +2                       32'h40215113 
    3943750  +2                       32'hFFF10113 
    3956250  +2                       32'h00211113 
    3968750  +2                       32'hFD9FF06F 
    3981250  +2                       32'h00038513 
    3993750  +2                       32'h00008067 
    4006250  +2                       32'h00000000 
    4018750  +2                       32'h0082BE33 
    4031250  +2                       32'h020E0463 
    4043750  +2                       32'h00128293 
    4056250  +2                       32'h00012303 
    4068750  +2                       32'hFFC12383 
    4081250  +2                       32'h007303B3 
    4106250  +2                       32'hFE712C23 
    4131250  +2                       32'h40215113 
    4143750  +2                       32'hFFF10113 
    4156250  +2                       32'h00211113 
    4168750  +2                       32'hFD9FF06F 
    4181250  +2                       32'h00038513 
    4193750  +2                       32'h00008067 
    4206250  +2                       32'h00000000 
    4218750  +2                       32'h0082BE33 
    4231250  +2                       32'h020E0463 
    4243750  +2                       32'h00128293 
    4256250  +2                       32'h00012303 
    4268750  +2                       32'hFFC12383 
    4281250  +2                       32'h007303B3 
    4306250  +2                       32'hFE712C23 
    4331250  +2                       32'h40215113 
    4343750  +2                       32'hFFF10113 
    4356250  +2                       32'h00211113 
    4368750  +2                       32'hFD9FF06F 
    4381250  +2                       32'h00038513 
    4393750  +2                       32'h00008067 
    4406250  +2                       32'h00000000 
    4418750  +2                       32'h0082BE33 
    4431250  +2                       32'h020E0463 
    4443750  +2                       32'h00128293 
    4456250  +2                       32'h00012303 
    4468750  +2                       32'hFFC12383 
    4481250  +2                       32'h00038513 
    4493750  +2                       32'h00008067 
    4506250  +2                       32'h00000000 
    4543750  +2                       32'h000022B7 
    4556250  +2                       32'hA6D28293 
    4568750  +2                       32'hFA5506E3 
    4581250  +2                       32'hF9DFF06F 
    4593750  +2                       32'h0031A023 
    4606250  +2                       32'h00100293 
    4618750  +2                       32'hEEEEF5B7 
    4631250  +2                       32'hEEE58593 
    4643750  +2                       32'h0040006F 
    4656250  +2                       32'h7FC00113 
    4668750  +2                       32'hF0F0F2B7 
    4681250  +2                       32'h0F028293 
    4693750  +2                       32'h7FC00113 
    4706250  +2                       32'hF0F0F2B7 
    4718750  +2                       32'h0F028293 
    4731250  +2                       32'h0F0F1337 
    4743750  +2                       32'hF0F30313 
    4756250  +2                       32'h0055C5B3 
    4768750  +2                       32'h0065F5B3 
    4781250  +2                       32'h00B12023 
    4793750  +2                       32'h00000493 
    4806250  +2                       32'h00048063 #END FIBO PROGRAM
