###############################################################
#  Generated by:      Cadence Innovus 18.10-p002_1
#  OS:                Linux x86_64(Host ID vlsi410.vlsi.polymtl.ca)
#  Generated on:      Mon Dec  6 18:55:43 2021
#  Design:            riscv_core
#  Command:           report_timing > $::env(PNR_REP_DIR)/riscv_core.tim.rpt
###############################################################
Path 1: MET Setup Check with Pin X_ID_s_reg_id_ex_reg[immed][15]/CK 
Endpoint:   X_ID_s_reg_id_ex_reg[immed][15]/D (v) checked with  leading edge of 
'clk'
Beginpoint: X_ID_s_reg_id_ex_reg[dmem_re]/Q   (^) triggered by  leading edge of 
'clk'
Path Groups: {clk}
Analysis View: slow_av
Other End Arrival Time          0.122
- Setup                         0.041
+ Phase Shift                  12.500
+ CPPR Adjustment               0.000
- Uncertainty                   0.100
= Required Time                12.482
- Arrival Time                 12.254
= Slack Time                    0.227
     Clock Rise Edge                 0.000
     + Clock Network Latency (Prop)  0.001
     = Beginpoint Arrival Time       0.001
     +----------------------------------------------------------------------------------------+ 
     |            Instance             |     Arc      |   Cell   | Delay | Arrival | Required | 
     |                                 |              |          |       |  Time   |   Time   | 
     |---------------------------------+--------------+----------+-------+---------+----------| 
     | X_ID_s_reg_id_ex_reg[dmem_re]   | CK ^         |          |       |   0.001 |    0.228 | 
     | X_ID_s_reg_id_ex_reg[dmem_re]   | CK ^ -> Q ^  | DFFRHQX1 | 0.283 |   0.284 |    0.511 | 
     | g84254                          | AN ^ -> Y ^  | NOR2BX1  | 0.110 |   0.394 |    0.621 | 
     | FE_OFC250_s_ex_stall            | A ^ -> Y ^   | CLKBUFX8 | 0.125 |   0.519 |    0.746 | 
     | FE_OFC252_s_ex_stall            | A ^ -> Y ^   | CLKBUFX6 | 0.121 |   0.640 |    0.867 | 
     | FE_OFC255_s_ex_stall            | A ^ -> Y ^   | CLKBUFX6 | 0.120 |   0.760 |    0.987 | 
     | FE_OFC258_s_ex_stall            | A ^ -> Y ^   | CLKBUFX8 | 0.128 |   0.888 |    1.115 | 
     | FE_OFC260_s_ex_stall            | A ^ -> Y ^   | CLKBUFX6 | 0.119 |   1.007 |    1.234 | 
     | FE_OFC261_s_ex_stall            | A ^ -> Y ^   | CLKBUFX8 | 0.126 |   1.133 |    1.360 | 
     | FE_OFC262_s_ex_stall            | A ^ -> Y ^   | BUFX12   | 0.120 |   1.252 |    1.480 | 
     | FE_DBTC0_s_ex_stall             | A ^ -> Y v   | INVX1    | 0.061 |   1.313 |    1.540 | 
     | FE_OFC284_o_imem_en             | A v -> Y v   | BUFX12   | 0.103 |   1.416 |    1.643 | 
     | FE_OFC285_o_imem_en             | A v -> Y v   | CLKBUFX6 | 0.112 |   1.528 |    1.756 | 
     | g83592                          | A v -> Y ^   | NOR2X2   | 0.089 |   1.618 |    1.845 | 
     | FE_OFC399_n_852                 | A ^ -> Y ^   | CLKBUFX8 | 0.122 |   1.740 |    1.967 | 
     | g82657                          | B1 ^ -> Y v  | AOI22X4  | 0.073 |   1.813 |    2.041 | 
     | g82616                          | C0 v -> Y ^  | OAI221X2 | 0.065 |   1.878 |    2.106 | 
     | FE_OFC1564_n_1799               | A ^ -> Y ^   | BUFX2    | 0.134 |   2.012 |    2.239 | 
     | g82520__5703                    | A1 ^ -> Y v  | AOI22X2  | 0.141 |   2.153 |    2.380 | 
     | FE_OFC1615_n_1861               | A v -> Y v   | CLKBUFX6 | 0.146 |   2.299 |    2.526 | 
     | g82415__1857                    | B v -> Y ^   | XNOR2X1  | 0.183 |   2.482 |    2.709 | 
     | g81990__9682                    | B ^ -> S ^   | ADDHX1   | 0.144 |   2.625 |    2.853 | 
     | g81731__4296                    | B ^ -> CO ^  | ADDHX1   | 0.124 |   2.750 |    2.977 | 
     | g81719__2250                    | B ^ -> Y ^   | OR2X1    | 0.071 |   2.821 |    3.049 | 
     | g81687__5703                    | B ^ -> CO ^  | ADDHX1   | 0.122 |   2.943 |    3.170 | 
     | g81684__8757                    | B ^ -> Y ^   | OR2X1    | 0.073 |   3.016 |    3.243 | 
     | g81674__1474                    | B ^ -> CO ^  | ADDHX1   | 0.125 |   3.140 |    3.368 | 
     | g81672__4296                    | B ^ -> Y ^   | OR2X1    | 0.073 |   3.213 |    3.440 | 
     | g81666__7344                    | B ^ -> CO ^  | ADDHX1   | 0.121 |   3.334 |    3.561 | 
     | g81665__5795                    | B ^ -> Y ^   | OR2X1    | 0.074 |   3.408 |    3.636 | 
     | g81660__7114                    | B ^ -> CO ^  | ADDHX1   | 0.124 |   3.532 |    3.759 | 
     | g81659__5703                    | B ^ -> Y ^   | OR2X1    | 0.072 |   3.604 |    3.831 | 
     | g81655__7118                    | B ^ -> CO ^  | ADDHX1   | 0.121 |   3.725 |    3.953 | 
     | g81653__2391                    | B ^ -> Y ^   | OR2X1    | 0.071 |   3.797 |    4.024 | 
     | g81647__4547                    | B ^ -> CO ^  | ADDHX1   | 0.122 |   3.919 |    4.146 | 
     | g81646__1474                    | B ^ -> Y ^   | OR2X1    | 0.072 |   3.991 |    4.218 | 
     | g81640__5019                    | B ^ -> CO ^  | ADDHX1   | 0.121 |   4.112 |    4.339 | 
     | g81638__7344                    | B ^ -> Y ^   | OR2X1    | 0.071 |   4.184 |    4.411 | 
     | g81632__7114                    | B ^ -> CO ^  | ADDHX1   | 0.122 |   4.306 |    4.533 | 
     | g81630__5953                    | B ^ -> Y ^   | OR2X1    | 0.071 |   4.377 |    4.605 | 
     | g84358                          | CI ^ -> CO ^ | ADDFX1   | 0.189 |   4.566 |    4.794 | 
     | g84357                          | A ^ -> Y v   | INVX2    | 0.054 |   4.620 |    4.847 | 
     | g81621__2683                    | B v -> Y ^   | NOR2BX1  | 0.052 |   4.672 |    4.899 | 
     | g81617__3772                    | B ^ -> Y ^   | OR2X1    | 0.096 |   4.768 |    4.996 | 
     | g81612__5019                    | B ^ -> CO ^  | ADDHX1   | 0.147 |   4.915 |    5.143 | 
     | g81609__5795                    | B ^ -> Y ^   | OR2X1    | 0.093 |   5.009 |    5.236 | 
     | g81603__5703                    | B ^ -> CO ^  | ADDHX1   | 0.132 |   5.141 |    5.368 | 
     | g81601__1786                    | B ^ -> Y ^   | OR2X1    | 0.073 |   5.214 |    5.442 | 
     | g81595__6877                    | B ^ -> CO ^  | ADDHX1   | 0.123 |   5.338 |    5.565 | 
     | g81593__2683                    | B ^ -> Y ^   | OR2X1    | 0.086 |   5.423 |    5.651 | 
     | g81587__8780                    | B ^ -> CO ^  | ADDHX1   | 0.134 |   5.557 |    5.784 | 
     | g81585__1857                    | B ^ -> Y ^   | OR2X1    | 0.076 |   5.633 |    5.860 | 
     | g81579__6083                    | B ^ -> CO ^  | ADDHX1   | 0.122 |   5.755 |    5.982 | 
     | g81577__5266                    | B ^ -> Y ^   | OR2X1    | 0.070 |   5.825 |    6.052 | 
     | g81571__7118                    | B ^ -> CO ^  | ADDHX1   | 0.124 |   5.949 |    6.176 | 
     | g81569__2391                    | B ^ -> Y ^   | OR2X1    | 0.080 |   6.029 |    6.257 | 
     | g81563__4547                    | B ^ -> CO ^  | ADDHX1   | 0.128 |   6.157 |    6.384 | 
     | g81561__3772                    | B ^ -> Y ^   | OR2X1    | 0.078 |   6.235 |    6.463 | 
     | g81555__1840                    | B ^ -> CO ^  | ADDHX1   | 0.131 |   6.366 |    6.594 | 
     | g81553__5795                    | B ^ -> Y ^   | OR2X1    | 0.077 |   6.443 |    6.671 | 
     | g81547__5703                    | B ^ -> CO ^  | ADDHX1   | 0.126 |   6.569 |    6.796 | 
     | g81545__1786                    | B ^ -> Y ^   | OR2X1    | 0.078 |   6.646 |    6.874 | 
     | g81539__6877                    | B ^ -> CO ^  | ADDHX1   | 0.125 |   6.771 |    6.999 | 
     | g81538__1309                    | B ^ -> Y ^   | OR2X1    | 0.075 |   6.846 |    7.074 | 
     | g81532__4296                    | B ^ -> CO ^  | ADDHX1   | 0.130 |   6.976 |    7.203 | 
     | g81531__8780                    | B ^ -> Y ^   | OR2X1    | 0.086 |   7.062 |    7.289 | 
     | g81526__7344                    | B ^ -> CO ^  | ADDHX1   | 0.132 |   7.194 |    7.421 | 
     | g81524__2703                    | B ^ -> Y ^   | OR2X1    | 0.076 |   7.269 |    7.497 | 
     | g81519__5703                    | B ^ -> CO ^  | ADDHX1   | 0.132 |   7.401 |    7.629 | 
     | g81518__5953                    | B ^ -> Y ^   | OR2X1    | 0.085 |   7.486 |    7.714 | 
     | g81511__6877                    | B ^ -> CO ^  | ADDHX1   | 0.128 |   7.614 |    7.841 | 
     | g81510__1309                    | B ^ -> Y ^   | OR2X1    | 0.080 |   7.694 |    7.922 | 
     | g81503__8780                    | B ^ -> CO ^  | ADDHX1   | 0.130 |   7.824 |    8.051 | 
     | g81501__1857                    | B ^ -> Y ^   | OR2X1    | 0.075 |   7.899 |    8.126 | 
     | g81496__2703                    | B ^ -> CO ^  | ADDHX1   | 0.123 |   8.022 |    8.249 | 
     | g81494__2250                    | B ^ -> Y ^   | OR2X1    | 0.072 |   8.093 |    8.321 | 
     | g81489__1786                    | B ^ -> S v   | ADDHX1   | 0.157 |   8.250 |    8.478 | 
     | g81486__7675                    | B v -> Y ^   | NAND2X1  | 0.040 |   8.290 |    8.518 | 
     | g81482__1309                    | D ^ -> Y v   | NAND4X1  | 0.144 |   8.434 |    8.661 | 
     | FE_OFC2266_X_EX_n_1933          | A v -> Y v   | BUFX3    | 0.170 |   8.604 |    8.831 | 
     | g81478__1474                    | D v -> Y v   | OR4X1    | 0.227 |   8.831 |    9.058 | 
     | g81472__5019                    | D v -> Y v   | OR4X1    | 0.219 |   9.051 |    9.278 | 
     | g81465__5266                    | D v -> Y v   | OR4X1    | 0.235 |   9.286 |    9.513 | 
     | g81459__7118                    | D v -> Y v   | OR4X1    | 0.244 |   9.529 |    9.757 | 
     | g81454__1309                    | D v -> Y v   | OR4X1    | 0.237 |   9.766 |    9.994 | 
     | g81452__9682                    | D v -> Y v   | OR4X1    | 0.222 |   9.989 |   10.216 | 
     | g81450__1474                    | D v -> Y v   | OR4X1    | 0.214 |  10.202 |   10.430 | 
     | g81449__3772                    | D v -> Y v   | OR4X1    | 0.217 |  10.419 |   10.647 | 
     | g81448__4296                    | D v -> Y v   | OR4X1    | 0.222 |  10.641 |   10.868 | 
     | FE_OFC2353_n_2924               | A v -> Y v   | BUFX2    | 0.100 |  10.741 |   10.969 | 
     | g81447__8780                    | A2 v -> Y ^  | OAI31X1  | 0.097 |  10.838 |   11.066 | 
     | FE_OFC2354_s_ex_transfert       | A ^ -> Y ^   | BUFX2    | 0.138 |  10.977 |   11.204 | 
     | g19017                          | B ^ -> Y ^   | OR2X6    | 0.101 |  11.077 |   11.305 | 
     | FE_OFC2356_n_15                 | A ^ -> Y ^   | BUFX12   | 0.103 |  11.180 |   11.407 | 
     | FE_OFC2358_n_15                 | A ^ -> Y ^   | BUFX12   | 0.106 |  11.286 |   11.514 | 
     | g18937                          | B ^ -> Y v   | NOR2X1   | 0.048 |  11.335 |   11.562 | 
     | FE_OFC2363_n_93                 | A v -> Y v   | BUFX3    | 0.112 |  11.447 |   11.674 | 
     | g18900                          | B v -> Y ^   | NAND2X1  | 0.067 |  11.514 |   11.741 | 
     | FE_OFC2367_n_179                | A ^ -> Y ^   | BUFX2    | 0.099 |  11.613 |   11.840 | 
     | g17646                          | B ^ -> Y ^   | OR2X1    | 0.091 |  11.704 |   11.932 | 
     | g17569                          | B ^ -> Y v   | NAND2X1  | 0.081 |  11.785 |   12.013 | 
     | FE_OFC2388_n_225                | A v -> Y v   | BUFX3    | 0.120 |  11.905 |   12.133 | 
     | FE_OFC3387_FE_OFN2388_n_225     | A v -> Y ^   | INVX1    | 0.064 |  11.969 |   12.196 | 
     | FE_OFC3388_FE_OFN2388_n_225     | A ^ -> Y v   | INVX3    | 0.055 |  12.024 |   12.251 | 
     | g17533                          | A1 v -> Y ^  | AOI22X4  | 0.078 |  12.102 |   12.330 | 
     | FE_OFC2429_n_249                | A ^ -> Y ^   | BUFX2    | 0.098 |  12.200 |   12.428 | 
     | g17503                          | B ^ -> Y v   | NAND2X1  | 0.054 |  12.254 |   12.482 | 
     | X_ID_s_reg_id_ex_reg[immed][15] | D v          | DFFRHQX1 | 0.000 |  12.254 |   12.482 | 
     +----------------------------------------------------------------------------------------+ 

