============================================================
  Generated by:           Genus(TM) Synthesis Solution 18.10-p003_1
  Generated on:           Dec 05 2021  02:50:46 pm
  Module:                 riscv_core
  Operating conditions:   PVT_0P9V_125C 
  Interconnect mode:      global
  Area mode:              timing library
============================================================

                                    Leakage    Dynamic      Total    
          Instance           Cells Power(nW)  Power(nW)   Power(nW)  
---------------------------------------------------------------------
riscv_core                    4578   385.101 2290444.368 2290829.469 
  RC_CG_DECLONE_HIER_INST        1     0.117    2059.217    2059.335 
  RC_CG_DECL..IER_INST87788      1     0.117    1458.046    1458.163 
  X_ID_X_RF_..CG_HIER_INST2      1     0.116     131.343     131.459 
  X_ID_X_RF_..CG_HIER_INST3      1     0.116     131.343     131.459 
  X_ID_X_RF_..CG_HIER_INST4      1     0.116     131.343     131.459 
  X_ID_X_RF_..CG_HIER_INST5      1     0.116     131.343     131.459 
  X_ID_X_RF_..CG_HIER_INST6      1     0.116     131.343     131.459 
  X_ID_X_RF_..CG_HIER_INST7      1     0.116     131.343     131.459 
  X_ID_X_RF_..CG_HIER_INST8      1     0.116     131.343     131.459 
  X_ID_X_RF_..CG_HIER_INST9      1     0.116     131.343     131.459 
  X_ID_X_RF_..G_HIER_INST10      1     0.116     131.343     131.459 
  X_ID_X_RF_..G_HIER_INST11      1     0.116     131.343     131.459 
  X_ID_X_RF_..G_HIER_INST12      1     0.116     131.343     131.459 
  X_ID_X_RF_..G_HIER_INST13      1     0.116     131.343     131.459 
  X_ID_X_RF_..G_HIER_INST14      1     0.116     131.343     131.459 
  X_ID_X_RF_..G_HIER_INST15      1     0.116     131.343     131.459 
  X_ID_X_RF_..G_HIER_INST16      1     0.116     131.343     131.459 
  X_ID_X_RF_..G_HIER_INST17      1     0.116     131.343     131.459 
  X_ID_X_RF_..G_HIER_INST18      1     0.116     131.343     131.459 
  X_ID_X_RF_..G_HIER_INST19      1     0.116     131.343     131.459 
  X_ID_X_RF_..G_HIER_INST20      1     0.116     131.343     131.459 
  X_ID_X_RF_..G_HIER_INST21      1     0.116     131.343     131.459 
  X_ID_X_RF_..G_HIER_INST22      1     0.116     131.343     131.459 
  X_ID_X_RF_..G_HIER_INST23      1     0.116     131.343     131.459 
  X_ID_X_RF_..G_HIER_INST24      1     0.116     131.343     131.459 
  X_ID_X_RF_..G_HIER_INST25      1     0.116     131.343     131.459 
  X_ID_X_RF_..G_HIER_INST26      1     0.116     131.343     131.459 
  X_ID_X_RF_..G_HIER_INST27      1     0.116     131.343     131.459 
  X_ID_X_RF_..G_HIER_INST28      1     0.116     131.343     131.459 
  X_ID_X_RF_..G_HIER_INST29      1     0.116     131.343     131.459 
  X_ID_X_RF_..G_HIER_INST30      1     0.116     131.343     131.459 
  X_ID_X_RF_..G_HIER_INST31      1     0.116     131.343     131.459 
  X_ID_X_RF_..G_HIER_INST32      1     0.116     131.343     131.459 

