============================================================
  Generated by:           Genus(TM) Synthesis Solution 18.10-p003_1
  Generated on:           Dec 09 2021  01:42:15 am
  Module:                 riscv_rf
  Operating conditions:   PVT_1P1V_0C 
  Interconnect mode:      global
  Area mode:              timing library
============================================================

                                
   Gate    Instances    Area        Library    
-----------------------------------------------
AND2X1            12     16.416    fast_vdd1v0 
AND2X2             6     10.260    fast_vdd1v0 
AND3X1            11     26.334    fast_vdd1v0 
AND3X2            48    131.328    fast_vdd1v0 
AND4X1             4      9.576    fast_vdd1v0 
AND4X2             3      9.234    fast_vdd1v0 
AO22X1             8     21.888    fast_vdd1v0 
AO22XL            66    180.576    fast_vdd1v0 
AOI211XL          30     61.560    fast_vdd1v0 
AOI221X1         172    411.768    fast_vdd1v0 
AOI222X1           4     12.312    fast_vdd1v0 
AOI22X1          735   1508.220    fast_vdd1v0 
DFFRHQX8          64    722.304    fast_vdd1v0 
INVX1             16     10.944    fast_vdd1v0 
INVX2              8      8.208    fast_vdd1v0 
NAND2BX1          10     13.680    fast_vdd1v0 
NAND2X1           49     50.274    fast_vdd1v0 
NAND3BXL           1      1.710    fast_vdd1v0 
NAND4BX1          34     81.396    fast_vdd1v0 
NAND4XL          218    372.780    fast_vdd1v0 
NOR2BX1           13     17.784    fast_vdd1v0 
NOR2X1            10     10.260    fast_vdd1v0 
OAI211X1           3      5.130    fast_vdd1v0 
OAI2BB1X1          1      1.710    fast_vdd1v0 
OR2X1              3      4.104    fast_vdd1v0 
OR2X2             17     29.070    fast_vdd1v0 
OR4X1              1      2.052    fast_vdd1v0 
SDFFRHQX1        992   8142.336    fast_vdd1v0 
XNOR2X1           10     23.940    fast_vdd1v0 
-----------------------------------------------
total           2549  11897.154                


                                          
     Type      Instances    Area   Area % 
------------------------------------------
sequential          1056  8864.640   74.5 
inverter              24    19.152    0.2 
logic               1469  3013.362   25.3 
physical_cells         0     0.000    0.0 
------------------------------------------
total               2549 11897.154  100.0 

