============================================================
  Generated by:           Genus(TM) Synthesis Solution 18.10-p003_1
  Generated on:           Dec 06 2021  02:07:06 pm
  Module:                 riscv_core
  Operating conditions:   PVT_1P1V_0C 
  Interconnect mode:      global
  Area mode:              timing library
============================================================


Path 1: MET (11337 ps) Setup Check with Pin X_ID_s_reg_id_ex_reg[immed][19]/CK->D
          Group: clk
     Startpoint: (R) X_EX_s_reg_ex_me_reg[rd_addr][4]/CK
          Clock: (R) clk
       Endpoint: (F) X_ID_s_reg_id_ex_reg[immed][19]/D
          Clock: (R) clk

                     Capture       Launch     
        Clock Edge:+   15385            0     
       Src Latency:+       0            0     
       Net Latency:+       0 (I)        0 (I) 
           Arrival:=   15385            0     
                                              
             Setup:-      17                  
       Uncertainty:-     100                  
     Required Time:=   15268                  
      Launch Clock:-       0                  
         Data Path:-    3931                  
             Slack:=   11337                  

#--------------------------------------------------------------------------------------------------------------
#            Timing Point             Flags    Arc   Edge   Cell     Fanout  Load Trans Delay Arrival Instance 
#                                                                            (fF)  (ps)  (ps)   (ps)  Location 
#--------------------------------------------------------------------------------------------------------------
  X_EX_s_reg_ex_me_reg[rd_addr][4]/CK -       -      R     (arrival)   1452     -     0     -       0    (-,-) 
  X_EX_s_reg_ex_me_reg[rd_addr][4]/Q  -       CK->Q  F     DFFRHQX1       3   4.2    30    64      64    (-,-) 
  g84166/Y                            -       A->Y   R     XNOR2X1        1   2.1    18    50     115    (-,-) 
  g84060/Y                            -       A->Y   F     NAND3X1        1   1.9    48    40     155    (-,-) 
  g84006/Y                            -       AN->Y  F     NAND4BX1       7  10.3   258   179     334    (-,-) 
  g83798/Y                            -       B->Y   F     AND2X1        30  36.4   240   190     524    (-,-) 
  g83626/Y                            -       A->Y   R     INVX1          3   4.7    77    93     618    (-,-) 
  g82347__4547/Y                      -       C1->Y  F     OAI222X1       2   3.2   102    82     699    (-,-) 
  g82267__7118/Y                      -       A1->Y  R     AOI22X1        8  10.9   166   122     821    (-,-) 
  g82229/Y                            -       A->Y   F     INVX1          7   8.8    89    88     909    (-,-) 
  g81831__1309/Y                      -       B->Y   R     NAND2X1        3   4.5    49    48     957    (-,-) 
  g81798__4547/Y                      -       B0->Y  F     OAI2BB1X1      1   2.1    36    38     995    (-,-) 
  g81731__4296/CO                     -       A->CO  F     ADDHX1         1   1.8    15    29    1024    (-,-) 
  g81719__2250/Y                      -       B->Y   F     OR2X1          1   2.3    19    35    1059    (-,-) 
  g81687__5703/CO                     -       B->CO  F     ADDHX1         1   1.8    15    25    1083    (-,-) 
  g81684__8757/Y                      -       B->Y   F     OR2X1          1   2.3    19    35    1118    (-,-) 
  g81674__1474/CO                     -       B->CO  F     ADDHX1         1   1.8    15    25    1143    (-,-) 
  g81672__4296/Y                      -       B->Y   F     OR2X1          1   2.3    19    35    1177    (-,-) 
  g81666__7344/CO                     -       B->CO  F     ADDHX1         1   1.8    15    25    1202    (-,-) 
  g81665__5795/Y                      -       B->Y   F     OR2X1          1   2.3    19    35    1237    (-,-) 
  g81660__7114/CO                     -       B->CO  F     ADDHX1         1   1.8    15    25    1261    (-,-) 
  g81659__5703/Y                      -       B->Y   F     OR2X1          1   2.3    19    35    1296    (-,-) 
  g81655__7118/CO                     -       B->CO  F     ADDHX1         1   1.8    15    25    1320    (-,-) 
  g81653__2391/Y                      -       B->Y   F     OR2X1          1   2.3    19    35    1355    (-,-) 
  g81647__4547/CO                     -       B->CO  F     ADDHX1         1   1.8    15    25    1380    (-,-) 
  g81646__1474/Y                      -       B->Y   F     OR2X1          1   2.3    19    35    1414    (-,-) 
  g81640__5019/CO                     -       B->CO  F     ADDHX1         1   1.8    15    25    1439    (-,-) 
  g81638__7344/Y                      -       B->Y   F     OR2X1          1   2.3    19    35    1474    (-,-) 
  g81632__7114/CO                     -       B->CO  F     ADDHX1         1   1.8    15    25    1498    (-,-) 
  g81630__5953/Y                      -       B->Y   F     OR2X1          1   2.3    19    35    1533    (-,-) 
  g84358/CO                           -       CI->CO F     ADDFX1         1   1.8    19    49    1582    (-,-) 
  g84357/Y                            -       A->Y   R     INVXL          2   3.5    44    32    1614    (-,-) 
  g81621__2683/Y                      -       B->Y   F     NOR2BX1        1   1.8    22    25    1638    (-,-) 
  g81617__3772/Y                      -       B->Y   F     OR2X1          1   2.3    19    36    1674    (-,-) 
  g81612__5019/CO                     -       B->CO  F     ADDHX1         1   1.8    15    25    1698    (-,-) 
  g81609__5795/Y                      -       B->Y   F     OR2X1          1   2.3    19    35    1733    (-,-) 
  g81603__5703/CO                     -       B->CO  F     ADDHX1         1   1.8    15    25    1758    (-,-) 
  g81601__1786/Y                      -       B->Y   F     OR2X1          1   2.3    19    35    1792    (-,-) 
  g81595__6877/CO                     -       B->CO  F     ADDHX1         1   1.8    15    25    1817    (-,-) 
  g81593__2683/Y                      -       B->Y   F     OR2X1          1   2.3    19    35    1852    (-,-) 
  g81587__8780/CO                     -       B->CO  F     ADDHX1         1   1.8    15    25    1876    (-,-) 
  g81585__1857/Y                      -       B->Y   F     OR2X1          1   2.3    19    35    1911    (-,-) 
  g81579__6083/CO                     -       B->CO  F     ADDHX1         1   1.8    15    25    1936    (-,-) 
  g81577__5266/Y                      -       B->Y   F     OR2X1          1   2.3    19    35    1970    (-,-) 
  g81571__7118/CO                     -       B->CO  F     ADDHX1         1   1.8    15    25    1995    (-,-) 
  g81569__2391/Y                      -       B->Y   F     OR2X1          1   2.3    19    35    2030    (-,-) 
  g81563__4547/CO                     -       B->CO  F     ADDHX1         1   1.8    15    25    2054    (-,-) 
  g81561__3772/Y                      -       B->Y   F     OR2X1          1   2.3    19    35    2089    (-,-) 
  g81555__1840/CO                     -       B->CO  F     ADDHX1         1   1.8    15    25    2114    (-,-) 
  g81553__5795/Y                      -       B->Y   F     OR2X1          1   2.3    19    35    2148    (-,-) 
  g81547__5703/CO                     -       B->CO  F     ADDHX1         1   1.8    15    25    2173    (-,-) 
  g81545__1786/Y                      -       B->Y   F     OR2X1          1   2.3    19    35    2208    (-,-) 
  g81539__6877/CO                     -       B->CO  F     ADDHX1         1   1.8    15    25    2232    (-,-) 
  g81538__1309/Y                      -       B->Y   F     OR2X1          1   2.3    19    35    2267    (-,-) 
  g81532__4296/CO                     -       B->CO  F     ADDHX1         1   1.8    15    25    2292    (-,-) 
  g81531__8780/Y                      -       B->Y   F     OR2X1          1   2.3    19    35    2326    (-,-) 
  g81526__7344/CO                     -       B->CO  F     ADDHX1         1   1.8    15    25    2351    (-,-) 
  g81524__2703/Y                      -       B->Y   F     OR2X1          1   2.3    19    35    2386    (-,-) 
  g81519__5703/CO                     -       B->CO  F     ADDHX1         1   1.8    15    25    2410    (-,-) 
  g81518__5953/Y                      -       B->Y   F     OR2X1          1   2.3    19    35    2445    (-,-) 
  g81511__6877/CO                     -       B->CO  F     ADDHX1         1   1.8    15    25    2469    (-,-) 
  g81510__1309/Y                      -       B->Y   F     OR2X1          1   2.3    19    35    2504    (-,-) 
  g81503__8780/CO                     -       B->CO  F     ADDHX1         1   1.8    15    25    2529    (-,-) 
  g81501__1857/Y                      -       B->Y   F     OR2X1          1   2.3    19    35    2563    (-,-) 
  g81496__2703/CO                     -       B->CO  F     ADDHX1         1   1.8    15    25    2588    (-,-) 
  g81494__2250/Y                      -       B->Y   F     OR2X1          1   2.3    19    35    2623    (-,-) 
  g81489__1786/S                      -       B->S   F     ADDHX1         1   2.0    17    35    2658    (-,-) 
  g81486__7675/Y                      -       B->Y   R     NAND2X1        1   1.9    32    17    2674    (-,-) 
  g81482__1309/Y                      -       D->Y   F     NAND4XL        2   3.0   135    89    2763    (-,-) 
  g81478__1474/Y                      -       D->Y   F     OR4X1          1   1.8    22    82    2846    (-,-) 
  g81472__5019/Y                      -       D->Y   F     OR4X1          1   1.8    23    59    2905    (-,-) 
  g81465__5266/Y                      -       D->Y   F     OR4X1          1   1.8    23    59    2964    (-,-) 
  g81459__7118/Y                      -       D->Y   F     OR4X1          1   1.8    23    59    3023    (-,-) 
  g81454__1309/Y                      -       D->Y   F     OR4X1          1   1.8    23    59    3082    (-,-) 
  g81452__9682/Y                      -       D->Y   F     OR4X1          1   1.8    23    59    3141    (-,-) 
  g81450__1474/Y                      -       D->Y   F     OR4X1          1   1.8    23    59    3200    (-,-) 
  g81449__3772/Y                      -       D->Y   F     OR4X1          1   1.8    23    59    3259    (-,-) 
  g81448__4296/Y                      -       D->Y   F     OR4X1          1   2.0    24    60    3319    (-,-) 
  g81447__8780/Y                      -       A2->Y  R     OAI31X1        4   6.1   137    88    3407    (-,-) 
  g19017/Y                            -       B->Y   R     OR2X4         80 105.2   188   150    3556    (-,-) 
  g18937/Y                            -       B->Y   F     NOR2X1         8   9.9   101    99    3656    (-,-) 
  g18900/Y                            -       B->Y   R     NAND2X1        3   4.5    51    52    3707    (-,-) 
  g17646/Y                            -       B->Y   R     OR2X1          2   3.4    26    34    3741    (-,-) 
  g17569/Y                            -       B->Y   F     NAND2X1        8  10.3   134    85    3826    (-,-) 
  g17538/Y                            -       A1->Y  R     AOI22X1        1   2.1    52    68    3894    (-,-) 
  g17507/Y                            -       B->Y   F     NAND2X1        1   2.0    37    37    3931    (-,-) 
  X_ID_s_reg_id_ex_reg[immed][19]/D   <<<     -      F     DFFRHQX1       1     -     -     0    3931    (-,-) 
#--------------------------------------------------------------------------------------------------------------

