============================================================
  Generated by:           Genus(TM) Synthesis Solution 18.10-p003_1
  Generated on:           Dec 05 2021  02:49:53 pm
  Module:                 riscv_core
  Technology library:     slow_vdd1v0 1.0
  Operating conditions:   PVT_0P9V_125C 
  Interconnect mode:      global
  Area mode:              timing library
============================================================


 Clock Description
 ----------------- 

 Clock                             Clock    Source     No of   
 Name    Period   Rise    Fall     Domain  Pin/Port  Registers 
---------------------------------------------------------------
 clk     15385.0   0.0   7692.5   domain_1   i_clk        1485 

 Clock Network Latency / Setup Uncertainty
 ----------------------------------------- 

        Network   Network   Source   Source     Setup        Setup    
Clock   Latency   Latency  Latency  Latency  Uncertainty  Uncertainty 
 Name    Rise      Fall      Rise     Fall       Rise         Fall    
----------------------------------------------------------------------
clk         0.0       0.0      0.0      0.0        100.0        100.0 

 Clock Relationship (with uncertainty & latency)
 ----------------------------------------------- 

  From    To     R->R     R->F     F->R      F->F  
---------------------------------------------------
  clk    clk   15285.0   7592.5   7592.5   15285.0 
============================================================
  Generated by:           Genus(TM) Synthesis Solution 18.10-p003_1
  Generated on:           Dec 05 2021  02:49:53 pm
  Module:                 riscv_core
  Technology library:     slow_vdd1v0 1.0
  Operating conditions:   PVT_0P9V_125C 
  Interconnect mode:      global
  Area mode:              timing library
============================================================

No clocks to report
