============================================================
  Generated by:           Genus(TM) Synthesis Solution 18.10-p003_1
  Generated on:           Dec 05 2021  01:16:32 pm
  Module:                 riscv_core
  Operating conditions:   PVT_0P9V_125C 
  Interconnect mode:      global
  Area mode:              timing library
============================================================

                                
   Gate    Instances    Area        Library    
-----------------------------------------------
ADDFX1             2     10.260    slow_vdd1v0 
ADDHX1           149    560.538    slow_vdd1v0 
AND2X1            44     60.192    slow_vdd1v0 
AND2X2             4      6.840    slow_vdd1v0 
AND2X4            16     43.776    slow_vdd1v0 
AND2X6             1      3.762    slow_vdd1v0 
AND3X2             1      2.736    slow_vdd1v0 
AND3X4            63    193.914    slow_vdd1v0 
AND3XL             2      4.104    slow_vdd1v0 
AND4X1             3      7.182    slow_vdd1v0 
AND4X4             1      3.762    slow_vdd1v0 
AND4XL             1      2.394    slow_vdd1v0 
AO21X1            25     59.850    slow_vdd1v0 
AO22X1           317    867.312    slow_vdd1v0 
AOI211X1          34     81.396    slow_vdd1v0 
AOI21X1           11     18.810    slow_vdd1v0 
AOI221X1         426   1019.844    slow_vdd1v0 
AOI221X2           1      4.446    slow_vdd1v0 
AOI222X1         128    393.984    slow_vdd1v0 
AOI22X1          368    755.136    slow_vdd1v0 
AOI22X2           20     75.240    slow_vdd1v0 
AOI2BB1X1          1      2.052    slow_vdd1v0 
AOI2BB2X1          5     17.100    slow_vdd1v0 
AOI31X1            9     18.468    slow_vdd1v0 
AOI31X2            1      3.420    slow_vdd1v0 
BUFX6              1      3.078    slow_vdd1v0 
CLKBUFX12          1      5.130    slow_vdd1v0 
CLKINVX20          1      6.498    slow_vdd1v0 
CLKINVX4           2      3.420    slow_vdd1v0 
CLKMX2X2           1      3.078    slow_vdd1v0 
CLKMX2X6          32    142.272    slow_vdd1v0 
CLKXOR2X1          7     19.152    slow_vdd1v0 
DFFHQX1            6     32.832    slow_vdd1v0 
DFFRHQX1         288   1772.928    slow_vdd1v0 
DFFRX1            24    164.160    slow_vdd1v0 
DFFRX2             4     30.096    slow_vdd1v0 
DFFRX4             3     28.728    slow_vdd1v0 
INVX1            121     82.764    slow_vdd1v0 
INVX2             12     12.312    slow_vdd1v0 
INVX6              1      2.394    slow_vdd1v0 
INVXL              1      0.684    slow_vdd1v0 
MX2X1             95    227.430    slow_vdd1v0 
MXI2X1             5     13.680    slow_vdd1v0 
MXI2X2             4     17.784    slow_vdd1v0 
MXI2XL            81    193.914    slow_vdd1v0 
NAND2BX1          23     31.464    slow_vdd1v0 
NAND2BX4           1      3.762    slow_vdd1v0 
NAND2X1          196    201.096    slow_vdd1v0 
NAND2X2            7     11.970    slow_vdd1v0 
NAND2X4            1      3.146    slow_vdd1v0 
NAND3BX1          17     34.884    slow_vdd1v0 
NAND3X1          199    340.290    slow_vdd1v0 
NAND3X2            2      5.472    slow_vdd1v0 
NAND4X2            1      3.762    slow_vdd1v0 
NOR2BX1           44     60.192    slow_vdd1v0 
NOR2BX2            6     16.416    slow_vdd1v0 
NOR2BX4            1      3.762    slow_vdd1v0 
NOR2X1           137    140.562    slow_vdd1v0 
NOR2X2            13     22.230    slow_vdd1v0 
NOR2X6             1      4.104    slow_vdd1v0 
NOR3BX1            2      4.104    slow_vdd1v0 
NOR3X1             3      5.130    slow_vdd1v0 
NOR3X2             2      5.472    slow_vdd1v0 
NOR4BBX2           1      5.130    slow_vdd1v0 
NOR4X1             3      5.130    slow_vdd1v0 
NOR4X2             5     17.100    slow_vdd1v0 
OA21X1             7     14.364    slow_vdd1v0 
OA21X2             1      3.078    slow_vdd1v0 
OA21X4             1      3.762    slow_vdd1v0 
OA22X1             6     14.364    slow_vdd1v0 
OAI211X1          27     46.170    slow_vdd1v0 
OAI21X1           13     22.230    slow_vdd1v0 
OAI21X2            1      3.078    slow_vdd1v0 
OAI221X1          28     67.032    slow_vdd1v0 
OAI221X2           5     23.940    slow_vdd1v0 
OAI22X1           25     51.300    slow_vdd1v0 
OAI2BB1X1         54     92.340    slow_vdd1v0 
OAI2BB1X2          1      3.078    slow_vdd1v0 
OAI2BB2XL          1      3.762    slow_vdd1v0 
OAI31X1           10     20.520    slow_vdd1v0 
OAI32X1            6     14.364    slow_vdd1v0 
OR2X1            111    151.848    slow_vdd1v0 
OR2X2              8     13.680    slow_vdd1v0 
OR2X4              4     10.944    slow_vdd1v0 
OR2X6             32    120.384    slow_vdd1v0 
OR3X1              8     16.416    slow_vdd1v0 
OR4X1             47     96.444    slow_vdd1v0 
SDFFQX1          101    759.924    slow_vdd1v0 
SDFFRHQX1       1026   8421.408    slow_vdd1v0 
XNOR2X1           56    134.064    slow_vdd1v0 
-----------------------------------------------
total           4567  18012.524                


                                          
     Type      Instances    Area   Area % 
------------------------------------------
sequential          1452 11210.076   62.2 
inverter             138   108.072    0.6 
buffer                 2     8.208    0.0 
logic               2975  6686.168   37.1 
physical_cells         0     0.000    0.0 
------------------------------------------
total               4567 18012.524  100.0 

