============================================================
  Generated by:           Genus(TM) Synthesis Solution 18.10-p003_1
  Generated on:           Dec 09 2021  01:38:07 am
  Module:                 riscv_pc
  Operating conditions:   PVT_1P1V_0C 
  Interconnect mode:      global
  Area mode:              timing library
============================================================


Path 1: MET (11067 ps) Setup Check with Pin s_pc_reg[31]/CK->D
          Group: clk
     Startpoint: (R) s_pc_reg[2]/CK
          Clock: (R) clk
       Endpoint: (R) s_pc_reg[31]/D
          Clock: (R) clk

                     Capture       Launch     
        Clock Edge:+   12500            0     
       Src Latency:+       0            0     
       Net Latency:+       0 (I)        0 (I) 
           Arrival:=   12500            0     
                                              
             Setup:-      26                  
       Uncertainty:-     100                  
     Required Time:=   12374                  
      Launch Clock:-       0                  
         Data Path:-    1307                  
             Slack:=   11067                  

#----------------------------------------------------------------------------------------
# Timing Point   Flags   Arc   Edge   Cell     Fanout  Load Trans Delay Arrival Instance 
#                                                      (fF)  (ps)  (ps)   (ps)  Location 
#----------------------------------------------------------------------------------------
  s_pc_reg[2]/CK -       -     R     (arrival)     32     -     0     -       0    (-,-) 
  s_pc_reg[2]/Q  -       CK->Q R     DFFRHQX8       4 205.8   187   173     173    (-,-) 
  g2498__9682/CO -       B->CO R     ADDHX1         1   2.4    21    64     237    (-,-) 
  g2491__4296/CO -       B->CO R     ADDHX1         1   2.4    20    34     271    (-,-) 
  g2487__1857/CO -       B->CO R     ADDHX1         1   2.4    20    34     305    (-,-) 
  g2483__7344/CO -       B->CO R     ADDHX1         1   2.4    20    34     340    (-,-) 
  g2479__6083/CO -       B->CO R     ADDHX1         1   2.4    20    34     374    (-,-) 
  g2475__7114/CO -       B->CO R     ADDHX1         1   2.4    20    34     408    (-,-) 
  g2471__1786/CO -       B->CO R     ADDHX1         1   2.4    20    34     442    (-,-) 
  g2467__7675/CO -       B->CO R     ADDHX1         1   2.4    20    34     477    (-,-) 
  g2463__6877/CO -       B->CO R     ADDHX1         1   2.4    20    34     511    (-,-) 
  g2459__9682/CO -       B->CO R     ADDHX1         1   2.4    20    34     545    (-,-) 
  g2455__3772/CO -       B->CO R     ADDHX1         1   2.4    20    34     580    (-,-) 
  g2451__9906/CO -       B->CO R     ADDHX1         1   2.4    20    34     614    (-,-) 
  g2447__1840/CO -       B->CO R     ADDHX1         1   2.4    20    34     648    (-,-) 
  g2443__2703/CO -       B->CO R     ADDHX1         1   2.4    20    34     683    (-,-) 
  g2439__5266/CO -       B->CO R     ADDHX1         1   2.4    20    34     717    (-,-) 
  g2435__5953/CO -       B->CO R     ADDHX1         1   2.4    20    34     751    (-,-) 
  g2431__7118/CO -       B->CO R     ADDHX1         1   2.4    20    34     786    (-,-) 
  g2427__2900/CO -       B->CO R     ADDHX1         1   2.4    20    34     820    (-,-) 
  g2423__2683/CO -       B->CO R     ADDHX1         1   2.4    20    34     854    (-,-) 
  g2419__1474/CO -       B->CO R     ADDHX1         1   2.4    20    34     888    (-,-) 
  g2415__8780/CO -       B->CO R     ADDHX1         1   2.4    20    34     923    (-,-) 
  g2411__5019/CO -       B->CO R     ADDHX1         1   2.4    20    34     957    (-,-) 
  g2407__5795/CO -       B->CO R     ADDHX1         1   2.4    20    34     991    (-,-) 
  g2403__2250/CO -       B->CO R     ADDHX1         1   2.4    20    34    1026    (-,-) 
  g2399__5703/CO -       B->CO R     ADDHX1         1   2.4    20    34    1060    (-,-) 
  g2395__8757/CO -       B->CO R     ADDHX1         1   2.4    20    34    1094    (-,-) 
  g2391__2391/CO -       B->CO R     ADDHX1         3   4.7    36    43    1137    (-,-) 
  g2390__6877/Y  -       B->Y  F     NAND2X1        1   1.9    45    31    1168    (-,-) 
  g2386__1474/Y  -       A->Y  R     MXI2XL         1   2.1    78    50    1219    (-,-) 
  g2381__4296/Y  -       A1->Y F     AOI22X1        1   2.0    64    55    1274    (-,-) 
  g2379__8780/Y  -       B0->Y R     OAI2BB1X1      1   2.0    29    33    1307    (-,-) 
  s_pc_reg[31]/D <<<     -     R     DFFRHQX8       1     -     -     0    1307    (-,-) 
#----------------------------------------------------------------------------------------

