###############################################################
#  Generated by:      Cadence Innovus 18.10-p002_1
#  OS:                Linux x86_64(Host ID vlsi410.vlsi.polymtl.ca)
#  Generated on:      Tue Dec  7 17:39:04 2021
#  Design:            riscv_core
#  Command:           report_timing > $::env(PNR_DFT_REP_DIR)/riscv_core.tim.rpt
###############################################################
Path 1: MET Setup Check with Pin X_ID_s_reg_id_ex_reg[alu_op][2]/CK 
Endpoint:   X_ID_s_reg_id_ex_reg[alu_op][2]/D  (v) checked with  leading edge 
of 'clk'
Beginpoint: X_EX_s_reg_ex_me_reg[rd_addr][1]/Q (v) triggered by  leading edge 
of 'clk'
Path Groups: {clk}
Analysis View: slow_av
Other End Arrival Time          0.120
- Setup                         0.167
+ Phase Shift                  12.500
+ CPPR Adjustment               0.000
- Uncertainty                   0.100
= Required Time                12.352
- Arrival Time                 12.140
= Slack Time                    0.212
     Clock Rise Edge                 0.000
     + Clock Network Latency (Prop)  0.002
     = Beginpoint Arrival Time       0.002
     +-----------------------------------------------------------------------------------------+ 
     |             Instance             |     Arc     |   Cell    | Delay | Arrival | Required | 
     |                                  |             |           |       |  Time   |   Time   | 
     |----------------------------------+-------------+-----------+-------+---------+----------| 
     | X_EX_s_reg_ex_me_reg[rd_addr][1] | CK ^        |           |       |   0.002 |    0.214 | 
     | X_EX_s_reg_ex_me_reg[rd_addr][1] | CK ^ -> Q v | DFFRHQX1  | 0.258 |   0.260 |    0.472 | 
     | g96564                           | A v -> Y ^  | XNOR2X1   | 0.206 |   0.466 |    0.678 | 
     | g96231                           | A ^ -> Y ^  | AND3X1    | 0.238 |   0.704 |    0.916 | 
     | g95662                           | D ^ -> Y v  | NAND4X2   | 0.133 |   0.837 |    1.049 | 
     | FE_OFC4914_n_1281                | A v -> Y v  | BUFX2     | 0.165 |   1.002 |    1.214 | 
     | g93851                           | B v -> Y ^  | NAND2X4   | 0.058 |   1.061 |    1.273 | 
     | g93744                           | B ^ -> Y v  | NOR2X6    | 0.050 |   1.110 |    1.322 | 
     | FE_OFC4885_n_2729                | A v -> Y v  | BUFX3     | 0.109 |   1.219 |    1.431 | 
     | g92809                           | A1 v -> Y ^ | AOI222X4  | 0.176 |   1.395 |    1.607 | 
     | g92714                           | C0 ^ -> Y v | OAI211X4  | 0.169 |   1.564 |    1.776 | 
     | FE_OFC4855_n_2883                | A v -> Y v  | BUFX3     | 0.149 |   1.713 |    1.925 | 
     | g92587                           | A1 v -> Y ^ | AOI22X4   | 0.087 |   1.800 |    2.012 | 
     | g92552                           | B0 ^ -> Y ^ | OA21X1    | 0.189 |   1.989 |    2.201 | 
     | g92420                           | B ^ -> Y ^  | XNOR2X1   | 0.151 |   2.140 |    2.352 | 
     | g91893__1474                     | B ^ -> S ^  | ADDHX1    | 0.145 |   2.285 |    2.497 | 
     | g91724__4547                     | A ^ -> CO ^ | ADDHX1    | 0.131 |   2.416 |    2.628 | 
     | g91711__7344                     | B ^ -> Y ^  | OR2X1     | 0.089 |   2.506 |    2.718 | 
     | FE_RC_2_0                        | A1 ^ -> Y v | AOI22X4   | 0.108 |   2.614 |    2.826 | 
     | g91658__1786                     | A1 v -> Y ^ | OAI22X2   | 0.103 |   2.717 |    2.929 | 
     | g91644__9682                     | B ^ -> CO ^ | ADDHX1    | 0.150 |   2.867 |    3.079 | 
     | g91642__8780                     | B ^ -> Y ^  | OR2X1     | 0.074 |   2.941 |    3.153 | 
     | g91635__6083                     | B ^ -> CO ^ | ADDHX1    | 0.123 |   3.064 |    3.276 | 
     | g91633__2250                     | B ^ -> Y ^  | OR2X1     | 0.073 |   3.137 |    3.349 | 
     | g91627__8757                     | B ^ -> CO ^ | ADDHX1    | 0.123 |   3.260 |    3.472 | 
     | g91625__7675                     | B ^ -> Y ^  | OR2X1     | 0.073 |   3.332 |    3.544 | 
     | g91618__9682                     | B ^ -> CO ^ | ADDHX1    | 0.124 |   3.457 |    3.669 | 
     | g91616__4547                     | B ^ -> Y ^  | OR2X1     | 0.072 |   3.529 |    3.741 | 
     | g91610__1857                     | B ^ -> CO ^ | ADDHX1    | 0.121 |   3.649 |    3.861 | 
     | g91607__7344                     | B ^ -> Y ^  | OR2X1     | 0.071 |   3.720 |    3.932 | 
     | g91602__2250                     | B ^ -> CO ^ | ADDHX1    | 0.120 |   3.840 |    4.052 | 
     | g91599__7114                     | B ^ -> Y ^  | OR2X1     | 0.072 |   3.912 |    4.124 | 
     | g91593__7118                     | B ^ -> CO ^ | ADDHX1    | 0.122 |   4.034 |    4.246 | 
     | g91591__7675                     | B ^ -> Y ^  | OR2X1     | 0.072 |   4.106 |    4.318 | 
     | g91584__2683                     | B ^ -> CO ^ | ADDHX1    | 0.124 |   4.230 |    4.442 | 
     | g91581__9682                     | B ^ -> Y ^  | OR2X1     | 0.076 |   4.306 |    4.518 | 
     | g91576__8780                     | B ^ -> CO ^ | ADDHX1    | 0.124 |   4.431 |    4.643 | 
     | g91574__9906                     | B ^ -> Y ^  | OR2X1     | 0.078 |   4.509 |    4.721 | 
     | FE_RC_5_0                        | A1 ^ -> Y ^ | AO21X1    | 0.163 |   4.672 |    4.884 | 
     | FE_RC_3_0                        | A1 ^ -> Y ^ | AO21X1    | 0.172 |   4.844 |    5.056 | 
     | g91555__2391                     | B ^ -> CO ^ | ADDHX1    | 0.141 |   4.985 |    5.197 | 
     | g91554__2900                     | B ^ -> Y ^  | OR2X1     | 0.080 |   5.065 |    5.277 | 
     | g91547__4547                     | B ^ -> CO ^ | ADDHX1    | 0.130 |   5.194 |    5.406 | 
     | g91546__1474                     | B ^ -> Y ^  | OR2X1     | 0.076 |   5.270 |    5.482 | 
     | g91539__5019                     | B ^ -> CO ^ | ADDHX1    | 0.121 |   5.391 |    5.603 | 
     | g91538__5795                     | B ^ -> Y ^  | OR2X1     | 0.077 |   5.469 |    5.681 | 
     | g91530__5703                     | B ^ -> CO ^ | ADDHX1    | 0.128 |   5.597 |    5.809 | 
     | g91529__1786                     | B ^ -> Y ^  | OR2X1     | 0.074 |   5.671 |    5.883 | 
     | g91521__1309                     | B ^ -> CO ^ | ADDHX1    | 0.122 |   5.793 |    6.005 | 
     | g91518__9682                     | B ^ -> Y ^  | OR2X1     | 0.072 |   5.865 |    6.077 | 
     | g91512__8780                     | B ^ -> CO ^ | ADDHX1    | 0.125 |   5.990 |    6.202 | 
     | g91509__5019                     | B ^ -> Y ^  | OR2X1     | 0.074 |   6.064 |    6.276 | 
     | g91501__2250                     | B ^ -> CO ^ | ADDHX1    | 0.124 |   6.188 |    6.400 | 
     | g91498__5703                     | B ^ -> Y ^  | OR2X1     | 0.078 |   6.266 |    6.478 | 
     | g91491__2391                     | B ^ -> CO ^ | ADDHX1    | 0.131 |   6.397 |    6.609 | 
     | g91488__1309                     | B ^ -> Y ^  | OR2X1     | 0.083 |   6.480 |    6.692 | 
     | g91482__4296                     | B ^ -> CO ^ | ADDHX1    | 0.135 |   6.615 |    6.827 | 
     | g91478__9906                     | B ^ -> Y ^  | OR2X1     | 0.081 |   6.696 |    6.908 | 
     | g91470__2250                     | B ^ -> CO ^ | ADDHX1    | 0.124 |   6.821 |    7.033 | 
     | g91466__5703                     | B ^ -> Y ^  | OR2X1     | 0.071 |   6.892 |    7.104 | 
     | g91459__2391                     | B ^ -> CO ^ | ADDHX1    | 0.120 |   7.011 |    7.223 | 
     | g91455__1309                     | B ^ -> Y ^  | OR2X1     | 0.070 |   7.082 |    7.294 | 
     | g91447__9906                     | B ^ -> CO ^ | ADDHX1    | 0.142 |   7.224 |    7.436 | 
     | FE_RC_1_0                        | A1 ^ -> Y v | OAI21X4   | 0.082 |   7.305 |    7.517 | 
     | g91436__7114                     | B0 v -> Y ^ | OAI2BB1X1 | 0.064 |   7.369 |    7.581 | 
     | g91427__2391                     | B ^ -> CO ^ | ADDHX1    | 0.130 |   7.500 |    7.712 | 
     | g91424__1309                     | B ^ -> Y ^  | OR2X1     | 0.080 |   7.579 |    7.791 | 
     | g91416__8780                     | B ^ -> CO ^ | ADDHX1    | 0.128 |   7.707 |    7.919 | 
     | g91413__1857                     | B ^ -> Y ^  | OR2X1     | 0.072 |   7.779 |    7.991 | 
     | g91406__6083                     | B ^ -> S v  | ADDHX1    | 0.153 |   7.932 |    8.144 | 
     | g91403__5266                     | B v -> Y ^  | NOR2X1    | 0.060 |   7.992 |    8.204 | 
     | FE_OFC4839_n_4124                | A ^ -> Y ^  | BUFX2     | 0.119 |   8.111 |    8.323 | 
     | g91396__7118                     | A1 ^ -> Y v | AOI22X4   | 0.111 |   8.222 |    8.434 | 
     | g91393__2391                     | C0 v -> Y ^ | OAI211X4  | 0.073 |   8.295 |    8.507 | 
     | g91391__2900                     | B1 ^ -> Y v | OAI222X2  | 0.219 |   8.514 |    8.726 | 
     | g91390__6877                     | A1 v -> Y ^ | AOI22X2   | 0.178 |   8.692 |    8.904 | 
     | g91389__1309                     | C0 ^ -> Y v | OAI221X2  | 0.184 |   8.876 |    9.088 | 
     | FE_OFC3189_n_4134                | A v -> Y v  | BUFX2     | 0.152 |   9.028 |    9.240 | 
     | g91388__2683                     | AN v -> Y v | NAND3BX2  | 0.170 |   9.198 |    9.410 | 
     | g91386__9682                     | D v -> Y v  | OR4X1     | 0.260 |   9.458 |    9.670 | 
     | FE_RC_0_0                        | D v -> Y ^  | NOR4BBX4  | 0.100 |   9.558 |    9.770 | 
     | g91384__1474                     | D ^ -> Y v  | NAND4X2   | 0.172 |   9.730 |    9.942 | 
     | FE_OFC3225_n_4138                | A v -> Y v  | BUFX2     | 0.156 |   9.886 |   10.098 | 
     | g91383__3772                     | D v -> Y ^  | NOR4X6    | 0.073 |   9.958 |   10.170 | 
     | g98265                           | D ^ -> Y v  | NAND4BBX2 | 0.144 |  10.102 |   10.314 | 
     | FE_OFC3227_n_5170                | A v -> Y v  | BUFX2     | 0.150 |  10.252 |   10.464 | 
     | g91381__8780                     | D v -> Y ^  | NOR4X4    | 0.104 |  10.356 |   10.568 | 
     | g98264                           | D ^ -> Y v  | NAND4BX2  | 0.171 |  10.527 |   10.739 | 
     | FE_OFC4836_n_5169                | A v -> Y v  | BUFX2     | 0.152 |  10.679 |   10.891 | 
     | g91379__1857                     | D v -> Y ^  | NOR4X6    | 0.073 |  10.752 |   10.964 | 
     | g98263                           | D ^ -> Y v  | NAND4BX2  | 0.142 |  10.894 |   11.106 | 
     | FE_OFC3231_n_5168                | A v -> Y v  | BUFX2     | 0.157 |  11.052 |   11.264 | 
     | g91377__1840                     | B v -> Y ^  | NAND2X4   | 0.051 |  11.103 |   11.315 | 
     | g91372__2703                     | B ^ -> Y ^  | OR2X6     | 0.101 |  11.204 |   11.416 | 
     | FE_OFC4879_n_4213                | A ^ -> Y v  | CLKINVX6  | 0.059 |  11.263 |   11.475 | 
     | g91332__2683                     | B v -> Y ^  | NAND2X8   | 0.046 |  11.309 |   11.521 | 
     | FE_OFC5635_n_4325                | A ^ -> Y ^  | BUFX3     | 0.103 |  11.412 |   11.624 | 
     | g91286__8757                     | B ^ -> Y v  | NOR2X4    | 0.055 |  11.467 |   11.679 | 
     | g91160__6083                     | B v -> Y ^  | NOR2X2    | 0.075 |  11.542 |   11.754 | 
     | g91131__7675                     | B0 ^ -> Y v | OAI2BB1X1 | 0.140 |  11.681 |   11.893 | 
     | FE_OFC3272_n_4323                | A v -> Y v  | BUFX2     | 0.142 |  11.823 |   12.035 | 
     | g91076__5795                     | A1 v -> Y ^ | AOI22X4   | 0.086 |  11.909 |   12.121 | 
     | FE_OFC5751_n_4322                | A ^ -> Y ^  | BUFX2     | 0.102 |  12.011 |   12.223 | 
     | g91001__1857                     | D ^ -> Y v  | NAND4X2   | 0.130 |  12.140 |   12.352 | 
     | X_ID_s_reg_id_ex_reg[alu_op][2]  | D v         | SDFFRHQX1 | 0.000 |  12.140 |   12.352 | 
     +-----------------------------------------------------------------------------------------+ 

